<html>
<head>
<title>TestNG:  Test</title>
<link href="../testng.css" rel="stylesheet" type="text/css" />
<link href="../my-testng.css" rel="stylesheet" type="text/css" />

<style type="text/css">
.log { display: none;} 
.stack-trace { display: none;} 
</style>
<script type="text/javascript">
<!--
function flip(e) {
  current = e.style.display;
  if (current == 'block') {
    e.style.display = 'none';
    return 0;
  }
  else {
    e.style.display = 'block';
    return 1;
  }
}

function toggleBox(szDivId, elem, msg1, msg2)
{
  var res = -1;  if (document.getElementById) {
    res = flip(document.getElementById(szDivId));
  }
  else if (document.all) {
    // this is the way old msie versions work
    res = flip(document.all[szDivId]);
  }
  if(elem) {
    if(res == 0) elem.innerHTML = msg1; else elem.innerHTML = msg2;
  }

}

function toggleAllBoxes() {
  if (document.getElementsByTagName) {
    d = document.getElementsByTagName('div');
    for (i = 0; i < d.length; i++) {
      if (d[i].className == 'log') {
        flip(d[i]);
      }
    }
  }
}

// -->
</script>

</head>
<body>
<h2 align='center'>Test</h2><table border='1' align="center">
<tr>
<td>Tests passed/Failed/Skipped:</td><td>15/1/0</td>
</tr><tr>
<td>Started on:</td><td>Fri Mar 21 02:13:18 IST 2025</td>
</tr>
<tr><td>Total time:</td><td>102 seconds (102742 ms)</td>
</tr><tr>
<td>Included groups:</td><td></td>
</tr><tr>
<td>Excluded groups:</td><td></td>
</tr>
</table><p/>
<small><i>(Hover the method name to see the test class name)</i></small><p/>
<table width='100%' border='1' class='invocation-failed'>
<tr><td colspan='4' align='center'><b>FAILED TESTS</b></td></tr>
<tr><td><b>Test method</b></td>
<td width="30%"><b>Exception</b></td>
<td width="10%"><b>Time (seconds)</b></td>
<td><b>Instance</b></td>
</tr>
<tr>
<td title='testrunner.ProductTest.runScenario()'><b>runScenario</b><br>Test class: testrunner.ProductTest<br>Test method: Runs Cucumber Scenarios<br>Parameters: "Add product to wishlist", "Product Details Page"</td>
<td><div><pre>org.openqa.selenium.NoSuchElementException: no such element: Unable to locate element: {&quot;method&quot;:&quot;xpath&quot;,&quot;selector&quot;:&quot;//*[@id=&quot;product-product&quot;]/div[1]&quot;}
  (Session info: chrome=134.0.6998.90)
For documentation on this error, please visit: https://www.selenium.dev/documentation/webdriver/troubleshooting/errors#no-such-element-exception
Build info: version: &apos;4.29.0&apos;, revision: &apos;5fc1ec94cb&apos;
System info: os.name: &apos;Windows 10&apos;, os.arch: &apos;amd64&apos;, os.version: &apos;10.0&apos;, java.version: &apos;21.0.6&apos;
Driver info: org.openqa.selenium.chrome.ChromeDriver
Command: [f12e14b3906bdda224dda6252adeb139, findElement {value=//*[@id=&quot;product-product&quot;]/div[1], using=xpath}]
Capabilities {acceptInsecureCerts: false, browserName: chrome, browserVersion: 134.0.6998.90, chrome: {chromedriverVersion: 134.0.6998.90 (219ee74681fc..., userDataDir: C:\Users\POOJAK~1\AppData\L...}, fedcm:accounts: true, goog:chromeOptions: {debuggerAddress: localhost:62529}, networkConnectionEnabled: false, pageLoadStrategy: normal, platformName: windows, proxy: Proxy(), se:cdp: ws://localhost:62529/devtoo..., se:cdpVersion: 134.0.6998.90, setWindowRect: true, strictFileInteractability: false, timeouts: {implicit: 0, pageLoad: 300000, script: 30000}, unhandledPromptBehavior: dismiss and notify, webauthn:extension:credBlob: true, webauthn:extension:largeBlob: true, webauthn:extension:minPinLength: true, webauthn:extension:prf: true, webauthn:virtualAuthenticators: true}
Session ID: f12e14b3906bdda224dda6252adeb139
	at org.openqa.selenium.remote.ErrorCodec.decode(ErrorCodec.java:167)
	at org.openqa.selenium.remote.codec.w3c.W3CHttpResponseCodec.decode(W3CHttpResponseCodec.java:138)
	at org.openqa.selenium.remote.codec.w3c.W3CHttpResponseCodec.decode(W3CHttpResponseCodec.java:50)
	at org.openqa.selenium.remote.HttpCommandExecutor.execute(HttpCommandExecutor.java:215)
	at org.openqa.selenium.remote.service.DriverCommandExecutor.invokeExecute(DriverCommandExecutor.java:216)
	at org.openqa.selenium.remote.service.DriverCommandExecutor.execute(DriverCommandExecutor.java:174)
	at org.openqa.selenium.remote.RemoteWebDriver.execute(RemoteWebDriver.java:545)
	at org.openqa.selenium.remote.ElementLocation$ElementFinder$2.findElement(ElementLocation.java:165)
	at org.openqa.selenium.remote.ElementLocation.findElement(ElementLocation.java:59)
	at org.openqa.selenium.remote.RemoteWebDriver.findElement(RemoteWebDriver.java:368)
	at org.openqa.selenium.remote.RemoteWebDriver.findElement(RemoteWebDriver.java:362)
	at pom.ProductPage.isAddedToWishlist(ProductPage.java:69)
	at stepDef.ProductSteps.i_should_see_a_confirmation_message_for_wishlist(ProductSteps.java:69)
	at ✽.I should see a confirmation message for wishlist(file:///C:/Users/Pooja%20Kirubanandan/eclipse-workspace/CapstoneProject/src/test/resources/Feature/product.feature:14)
... Removed 3 stack frames</pre></div><a href='#' onClick='toggleBox("stack-trace1436218006", this, "Click to show all stack frames", "Click to hide stack frames")'>Click to show all stack frames</a>
<div class='stack-trace' id='stack-trace1436218006'><pre>org.openqa.selenium.NoSuchElementException: no such element: Unable to locate element: {&quot;method&quot;:&quot;xpath&quot;,&quot;selector&quot;:&quot;//*[@id=&quot;product-product&quot;]/div[1]&quot;}
  (Session info: chrome=134.0.6998.90)
For documentation on this error, please visit: https://www.selenium.dev/documentation/webdriver/troubleshooting/errors#no-such-element-exception
Build info: version: &apos;4.29.0&apos;, revision: &apos;5fc1ec94cb&apos;
System info: os.name: &apos;Windows 10&apos;, os.arch: &apos;amd64&apos;, os.version: &apos;10.0&apos;, java.version: &apos;21.0.6&apos;
Driver info: org.openqa.selenium.chrome.ChromeDriver
Command: [f12e14b3906bdda224dda6252adeb139, findElement {value=//*[@id=&quot;product-product&quot;]/div[1], using=xpath}]
Capabilities {acceptInsecureCerts: false, browserName: chrome, browserVersion: 134.0.6998.90, chrome: {chromedriverVersion: 134.0.6998.90 (219ee74681fc..., userDataDir: C:\Users\POOJAK~1\AppData\L...}, fedcm:accounts: true, goog:chromeOptions: {debuggerAddress: localhost:62529}, networkConnectionEnabled: false, pageLoadStrategy: normal, platformName: windows, proxy: Proxy(), se:cdp: ws://localhost:62529/devtoo..., se:cdpVersion: 134.0.6998.90, setWindowRect: true, strictFileInteractability: false, timeouts: {implicit: 0, pageLoad: 300000, script: 30000}, unhandledPromptBehavior: dismiss and notify, webauthn:extension:credBlob: true, webauthn:extension:largeBlob: true, webauthn:extension:minPinLength: true, webauthn:extension:prf: true, webauthn:virtualAuthenticators: true}
Session ID: f12e14b3906bdda224dda6252adeb139
	at java.base/jdk.internal.reflect.DirectConstructorHandleAccessor.newInstance(DirectConstructorHandleAccessor.java:62)
	at java.base/java.lang.reflect.Constructor.newInstanceWithCaller(Constructor.java:502)
	at java.base/java.lang.reflect.Constructor.newInstance(Constructor.java:486)
	at org.openqa.selenium.remote.ErrorCodec.decode(ErrorCodec.java:167)
	at org.openqa.selenium.remote.codec.w3c.W3CHttpResponseCodec.decode(W3CHttpResponseCodec.java:138)
	at org.openqa.selenium.remote.codec.w3c.W3CHttpResponseCodec.decode(W3CHttpResponseCodec.java:50)
	at org.openqa.selenium.remote.HttpCommandExecutor.execute(HttpCommandExecutor.java:215)
	at org.openqa.selenium.remote.service.DriverCommandExecutor.invokeExecute(DriverCommandExecutor.java:216)
	at org.openqa.selenium.remote.service.DriverCommandExecutor.execute(DriverCommandExecutor.java:174)
	at org.openqa.selenium.remote.RemoteWebDriver.execute(RemoteWebDriver.java:545)
	at org.openqa.selenium.remote.ElementLocation$ElementFinder$2.findElement(ElementLocation.java:165)
	at org.openqa.selenium.remote.ElementLocation.findElement(ElementLocation.java:59)
	at org.openqa.selenium.remote.RemoteWebDriver.findElement(RemoteWebDriver.java:368)
	at org.openqa.selenium.remote.RemoteWebDriver.findElement(RemoteWebDriver.java:362)
	at pom.ProductPage.isAddedToWishlist(ProductPage.java:69)
	at stepDef.ProductSteps.i_should_see_a_confirmation_message_for_wishlist(ProductSteps.java:69)
	at ✽.I should see a confirmation message for wishlist(file:///C:/Users/Pooja%20Kirubanandan/eclipse-workspace/CapstoneProject/src/test/resources/Feature/product.feature:14)
</pre></div></td>
<td>4</td>
<td>testrunner.ProductTest@4135c3b</td></tr>
</table><p>
<table width='100%' border='1' class='invocation-passed'>
<tr><td colspan='4' align='center'><b>PASSED TESTS</b></td></tr>
<tr><td><b>Test method</b></td>
<td width="30%"><b>Exception</b></td>
<td width="10%"><b>Time (seconds)</b></td>
<td><b>Instance</b></td>
</tr>
<tr>
<td title='testrunner.SearchTest.runScenario()'><b>runScenario</b><br>Test class: testrunner.SearchTest<br>Test method: Runs Cucumber Scenarios<br>Parameters: "Search for a product", "Search Functionality"</td>
<td></td>
<td>8</td>
<td>testrunner.SearchTest@2a3b5b47</td></tr>
<tr>
<td title='testrunner.SearchTest.runScenario()'><b>runScenario</b><br>Test class: testrunner.SearchTest<br>Test method: Runs Cucumber Scenarios<br>Parameters: "Search for a product", "Search Functionality"</td>
<td></td>
<td>6</td>
<td>testrunner.SearchTest@2a3b5b47</td></tr>
<tr>
<td title='testrunner.ProductTest.runScenario()'><b>runScenario</b><br>Test class: testrunner.ProductTest<br>Test method: Runs Cucumber Scenarios<br>Parameters: "Add product to cart", "Product Details Page"</td>
<td></td>
<td>5</td>
<td>testrunner.ProductTest@4135c3b</td></tr>
<tr>
<td title='testrunner.ProductTest.runScenario()'><b>runScenario</b><br>Test class: testrunner.ProductTest<br>Test method: Runs Cucumber Scenarios<br>Parameters: "Validate product details", "Product Details Page"</td>
<td></td>
<td>5</td>
<td>testrunner.ProductTest@4135c3b</td></tr>
<tr>
<td title='testrunner.ShoppingCartTest.runScenario()'><b>runScenario</b><br>Test class: testrunner.ShoppingCartTest<br>Test method: Runs Cucumber Scenarios<br>Parameters: "Add products to cart and remove one before checkout", "Shopping Cart Functionality"</td>
<td></td>
<td>8</td>
<td>testrunner.ShoppingCartTest@6302bbb1</td></tr>
<tr>
<td title='testrunner.SearchFunctionalityTest.runScenario()'><b>runScenario</b><br>Test class: testrunner.SearchFunctionalityTest<br>Test method: Runs Cucumber Scenarios<br>Parameters: "Search for a product and sort results", "Search and Sort Products"</td>
<td></td>
<td>4</td>
<td>testrunner.SearchFunctionalityTest@34a3d150</td></tr>
<tr>
<td title='testrunner.RegisterTest.runScenario()'><b>runScenario</b><br>Test class: testrunner.RegisterTest<br>Test method: Runs Cucumber Scenarios<br>Parameters: "User Registration Process", "User Registration"</td>
<td></td>
<td>5</td>
<td>testrunner.RegisterTest@313ac989</td></tr>
<tr>
<td title='testrunner.OrderTest.runScenario()'><b>runScenario</b><br>Test class: testrunner.OrderTest<br>Test method: Runs Cucumber Scenarios<br>Parameters: "Complete an order from search to checkout", "Order Placement"</td>
<td></td>
<td>13</td>
<td>testrunner.OrderTest@31304f14</td></tr>
<tr>
<td title='testrunner.SearchFunctionalityTest.runScenario()'><b>runScenario</b><br>Test class: testrunner.SearchFunctionalityTest<br>Test method: Runs Cucumber Scenarios<br>Parameters: "Search for a product and sort results", "Search and Sort Products"</td>
<td></td>
<td>5</td>
<td>testrunner.SearchFunctionalityTest@34a3d150</td></tr>
<tr>
<td title='testrunner.SearchFunctionalityTest.runScenario()'><b>runScenario</b><br>Test class: testrunner.SearchFunctionalityTest<br>Test method: Runs Cucumber Scenarios<br>Parameters: "Search for a product and sort results", "Search and Sort Products"</td>
<td></td>
<td>5</td>
<td>testrunner.SearchFunctionalityTest@34a3d150</td></tr>
<tr>
<td title='testrunner.LoginTest.runScenario()'><b>runScenario</b><br>Test class: testrunner.LoginTest<br>Test method: Runs Cucumber Scenarios<br>Parameters: "User Login Process", "User Login"</td>
<td></td>
<td>5</td>
<td>testrunner.LoginTest@4562e04d</td></tr>
<tr>
<td title='testrunner.PasswordRecoveryTest.runScenario()'><b>runScenario</b><br>Test class: testrunner.PasswordRecoveryTest<br>Test method: Runs Cucumber Scenarios<br>Parameters: "Password Recovery Process", "Password Recovery"</td>
<td></td>
<td>5</td>
<td>testrunner.PasswordRecoveryTest@2a65fe7c</td></tr>
<tr>
<td title='testrunner.SearchTest.runScenario()'><b>runScenario</b><br>Test class: testrunner.SearchTest<br>Test method: Runs Cucumber Scenarios<br>Parameters: "Search for a product", "Search Functionality"</td>
<td></td>
<td>5</td>
<td>testrunner.SearchTest@2a3b5b47</td></tr>
<tr>
<td title='testrunner.SearchFunctionalityTest.runScenario()'><b>runScenario</b><br>Test class: testrunner.SearchFunctionalityTest<br>Test method: Runs Cucumber Scenarios<br>Parameters: "Search for a product and sort results", "Search and Sort Products"</td>
<td></td>
<td>4</td>
<td>testrunner.SearchFunctionalityTest@34a3d150</td></tr>
<tr>
<td title='testrunner.SearchTest.runScenario()'><b>runScenario</b><br>Test class: testrunner.SearchTest<br>Test method: Runs Cucumber Scenarios<br>Parameters: "Search for a product", "Search Functionality"</td>
<td></td>
<td>5</td>
<td>testrunner.SearchTest@2a3b5b47</td></tr>
</table><p>
</body>
</html>